#network Retrieved hostname: butcher
#dep set class com.winterwell.utils.threads.TaskRunner = com.winterwell.utils.threads.TaskRunner@473b46c3 [com.winterwell.bob.Bob.initTaskRunner(Bob.java:548), com.winterwell.bob.Bob.init(Bob.java:543), com.winterwell.bob.Bob.getSingleton(Bob.java:279), com.winterwell.bob.BuildTask.<init>(BuildTask.java:170), com.winterwell.web.app.build.PublishProjectTask.<init>(PublishProjectTask.java:101), com.winterwell.web.app.build.PublishProjectTask.<init>(PublishProjectTask.java:98)]
#init Using XML parser com.sun.org.apache.xerces.internal.jaxp.DocumentBuilderFactoryImpl@1a0dcaa
#init No Properties for explicit serverType
#init.web Retrieved FQDN: butcher
#init serverType for host butcher ...?
#init Fallback: Treating butcher as serverType = PRODUCTION
#AppUtils Using serverType PRODUCTION
WARNING: An illegal reflective access operation has occurred
WARNING: Illegal reflective access by com.thoughtworks.xstream.core.util.Fields (file:/home/daniel/winterwell/open-code/winterwell.utils/dependencies/xstream.jar) to field java.util.TreeMap.comparator
WARNING: Please consider reporting this to the maintainers of com.thoughtworks.xstream.core.util.Fields
WARNING: Use --illegal-access=warn to enable warnings of further illegal reflective access operations
WARNING: All illegal access operations will be denied in a future release
#bob.0.0.PublishDataServer Running PublishDataServer at Sat, 30 May 2020 20:28:23...
#bob.0.1.BuildDataLog skip recent BuildDataLog[projectName=winterwell.datalog] - last run 1 hours < 1 day
#bob.0.1.BuildDataLog Skip recent dependency: BuildDataLog bob/BuildTask/local/195c98f705a416cebe989d5c21b0f2a0/BuildDataLog-winterwell.datalog
#publish Publishing to production:/home/winterwell/lg.good-loop.com/
#bob.0.0.MakeVersionPropertiesTask Running MakeVersionPropertiesTask at Sat, 30 May 2020 20:28:26...
#bob.0.0.MakeVersionPropertiesTask ...exiting MakeVersionPropertiesTask DONE
#eclipse No classpath kind=lib tags found in /home/daniel/winterwell/flexi-gson/.classpath
#eclipse No classpath kind=lib tags found in /home/daniel/winterwell/open-code/winterwell.depot/.classpath
#eclipse No classpath kind=lib tags found in /home/daniel/winterwell/open-code/winterwell.webappbase/.classpath
#bob.0.0.PublishDataServer Dependency graph:
{winterwell.depot <- winterwell.utils, winterwell.bob, winterwell.bob.jar, winterwell.web, flexi-gson, elasticsearch-java-client, elasticsearch-java-client.jar
youagain-java-client <- commons-codec.jar, jackson-annotations.jar, jackson-core.jar, jackson-databind.jar, java-jwt.jar, winterwell.utils, winterwell.web, winterwell.bob
flexi-gson <- winterwell.utils
winterwell.maths <- guava.jar, listenablefuture.jar, trove4j.jar, checker-qual.jar, error_prone_annotations.jar, failureaccess.jar, j2objc-annotations.jar, jsr305.jar, commons-math3.jar, arpack_combined_all.jar, core.jar, jniloader.jar, mtj.jar, native_ref-java.jar, native_system-java.jar, netlib-native_ref-linux-armhf-natives.jar, netlib-native_ref-linux-i686-natives.jar, netlib-native_ref-linux-x86_64-natives.jar, netlib-native_ref-osx-x86_64-natives.jar, netlib-native_ref-win-i686-natives.jar, netlib-native_ref-win-x86_64-natives.jar, netlib-native_system-linux-armhf-natives.jar, netlib-native_system-linux-i686-natives.jar, netlib-native_system-linux-x86_64-natives.jar, netlib-native_system-osx-x86_64-natives.jar, netlib-native_system-win-i686-natives.jar, netlib-native_system-win-x86_64-natives.jar, winterwell.utils, winterwell.web
winterwell.webappbase <- winterwell.bob, winterwell.utils, winterwell.web, flexi-gson, winterwell.depot, youagain-java-client, youagain-java-client.jar, elasticsearch-java-client
winterwell.utils <- xmlpull.jar, xpp3_min.jar, junit.jar, dnsjava.jar, xstream.jar, hamcrest-core.jar, h2.jar, postgresql.jar, protobuf-java.jar, mysql-connector-java.jar
winterwell.datalog <- ua_parser.jar, snakeyaml.jar, winterwell.utils, winterwell.utils.jar, winterwell.web, winterwell.web.jar, winterwell.maths, winterwell.maths.jar, winterwell.depot, winterwell.depot.jar, winterwell.bob, winterwell.webappbase, winterwell.webappbase.jar, youagain-java-client, elasticsearch-java-client
winterwell.web <- javax.servlet-api.jar, jetty-http.jar, jetty-io.jar, jetty-security.jar, jetty-server.jar, jetty-servlet.jar, jetty-util-ajax.jar, jetty-util.jar, javax.mail.jar, mime-util.jar, httpclient.jar, httpcore.jar, commons-codec.jar, commons-logging.jar, gimap.jar, jakarta.activation.jar, jakarta.mail.jar, log4j.jar, commons-fileupload.jar, tagsoup.jar, commons-lang3.jar, commons-io.jar, activation.jar, dnsjava.jar, winterwell.utils, flexi-gson, flexi-gson.jar
winterwell.bob <- jsch.jar, commons-net.jar, winterwell.utils, winterwell.web
elasticsearch-java-client <- guava.jar, checker-qual.jar, error_prone_annotations.jar, failureaccess.jar, j2objc-annotations.jar, jsr305.jar, listenablefuture.jar, winterwell.utils, winterwell.web, winterwell.bob, flexi-gson}
Jars: jetty-servlet.jar
winterwell.datalog.jar
netlib-native_system-linux-x86_64-natives.jar
javax.mail.jar
jackson-annotations.jar
java-jwt.jar
listenablefuture.jar
commons-logging.jar
xmlpull.jar
tagsoup.jar
mime-util.jar
postgresql.jar
netlib-native_ref-osx-x86_64-natives.jar
jackson-core.jar
jetty-io.jar
error_prone_annotations.jar
netlib-native_system-linux-i686-natives.jar
netlib-native_ref-win-i686-natives.jar
winterwell.maths.jar
trove4j.jar
httpcore.jar
jsr305.jar
native_system-java.jar
guava.jar
netlib-native_system-win-i686-natives.jar
dnsjava.jar
log4j.jar
netlib-native_ref-linux-armhf-natives.jar
core.jar
xstream.jar
flexi-gson.jar
elasticsearch-java-client.jar
commons-net.jar
winterwell.utils.jar
netlib-native_system-win-x86_64-natives.jar
h2.jar
junit.jar
commons-math3.jar
commons-fileupload.jar
native_ref-java.jar
hamcrest-core.jar
arpack_combined_all.jar
jetty-server.jar
mtj.jar
youagain-java-client.jar
winterwell.web.jar
commons-codec.jar
jetty-util.jar
netlib-native_ref-linux-x86_64-natives.jar
jakarta.mail.jar
ua_parser.jar
jackson-databind.jar
netlib-native_ref-win-x86_64-natives.jar
protobuf-java.jar
jakarta.activation.jar
javax.servlet-api.jar
checker-qual.jar
jsch.jar
jetty-util-ajax.jar
commons-io.jar
httpclient.jar
commons-lang3.jar
jniloader.jar
netlib-native_system-linux-armhf-natives.jar
xpp3_min.jar
jetty-security.jar
mysql-connector-java.jar
snakeyaml.jar
winterwell.webappbase.jar
j2objc-annotations.jar
winterwell.depot.jar
gimap.jar
activation.jar
netlib-native_ref-linux-i686-natives.jar
winterwell.bob.jar
netlib-native_system-osx-x86_64-natives.jar
failureaccess.jar
jetty-http.jar
#bob.0.0.ProcessTask Running ProcessTask[/home/daniel/winterwell/wwappbase.js/project-publisher.sh lg production everything ] at Sat, 30 May 2020 20:28:26...
#bob.0.0.ProcessTask dir: null command: /home/daniel/winterwell/wwappbase.js/project-publisher.sh lg production everything  ...

Stopping lg on gl-es-05.good-loop.com

Syncing datalogger to gl-es-05.good-loop.com

Syncing Configs

Syncing config to gl-es-05.good-loop.com

Syncing src to gl-es-05.good-loop.com

Syncing web to gl-es-05.good-loop.com

Syncing package.json to gl-es-05.good-loop.com

Syncing ssl.gl-es-03.good-loop.com.conf to gl-es-05.good-loop.com

Syncing ssl.gl-es-03.good-loop.com.params.conf to gl-es-05.good-loop.com

Syncing ssl.gl-es-04.good-loop.com.conf to gl-es-05.good-loop.com

Syncing ssl.gl-es-04.good-loop.com.params.conf to gl-es-05.good-loop.com

Syncing ssl.gl-es-05.good-loop.com.conf to gl-es-05.good-loop.com

Syncing ssl.gl-es-05.good-loop.com.params.conf to gl-es-05.good-loop.com

Syncing webpack.config.js to gl-es-05.good-loop.com

Syncing lib to gl-es-05.good-loop.com

Syncing winterwell.datalog.jar to gl-es-05.good-loop.com

Publishing Process has completed

Starting lg on gl-es-05.good-loop.com

Cleaning tmp-lib directory

	>>>>>>>gl-es-05.good-loop.com sync summary<<<<<<<<<<<
	Successfully synced config to gl-es-05.good-loop.com
	Successfully synced lib to gl-es-05.good-loop.com
	Successfully synced package.json to gl-es-05.good-loop.com
	Successfully synced src to gl-es-05.good-loop.com
	Successfully synced ssl.gl-es-03.good-loop.com.conf to gl-es-05.good-loop.com
	Successfully synced ssl.gl-es-03.good-loop.com.params.conf to gl-es-05.good-loop.com
	Successfully synced ssl.gl-es-04.good-loop.com.conf to gl-es-05.good-loop.com
	Successfully synced ssl.gl-es-04.good-loop.com.params.conf to gl-es-05.good-loop.com
	Successfully synced ssl.gl-es-05.good-loop.com.conf to gl-es-05.good-loop.com
	Successfully synced ssl.gl-es-05.good-loop.com.params.conf to gl-es-05.good-loop.com
	Successfully synced webpack.config.js to gl-es-05.good-loop.com
	Successfully synced web to gl-es-05.good-loop.com
	Successfully synced winterwell.datalog.jar to gl-es-05.good-loop.com
#bob.0.0.ProcessTask ...exiting ProcessTask[/home/daniel/winterwell/wwappbase.js/project-publisher.sh lg production everything ] DONE
#/home/daniel/winterwell/wwappbase.js/project-publisher.sh lg production everything  
Stopping lg on gl-es-05.good-loop.com

Syncing datalogger to gl-es-05.good-loop.com

Syncing Configs

Syncing config to gl-es-05.good-loop.com

Syncing src to gl-es-05.good-loop.com

Syncing web to gl-es-05.good-loop.com

Syncing package.json to gl-es-05.good-loop.com

Syncing ssl.gl-es-03.good-loop.com.conf to gl-es-05.good-loop.com

Syncing ssl.gl-es-03.good-loop.com.params.conf to gl-es-05.good-loop.com

Syncing ssl.gl-es-04.good-loop.com.conf to gl-es-05.good-loop.com

Syncing ssl.gl-es-04.good-loop.com.params.conf to gl-es-05.good-loop.com

Syncing ssl.gl-es-05.good-loop.com.conf to gl-es-05.good-loop.com

Syncing ssl.gl-es-05.good-loop.com.params.conf to gl-es-05.good-loop.com

Syncing webpack.config.js to gl-es-05.good-loop.com

Syncing lib to gl-es-05.good-loop.com

Syncing winterwell.datalog.jar to gl-es-05.good-loop.com

Publishing Process has completed

Starting lg on gl-es-05.good-loop.com

Cleaning tmp-lib directory

	>>>>>>>gl-es-05.good-loop.com sync summary<<<<<<<<<<<
	Successfully synced config to gl-es-05.good-loop.com
	Successfully synced lib to gl-es-05.good-loop.com
	Successfully synced package.json to gl-es-05.good-loop.com
	Successfully synced src to gl-es-05.good-loop.com
	Successfully synced ssl.gl-es-03.good-loop.com.conf to gl-es-05.good-loop.com
	Successfully synced ssl.gl-es-03.good-loop.com.params.conf to gl-es-05.good-loop.com
	Successfully synced ssl.gl-es-04.good-loop.com.conf to gl-es-05.good-loop.com
	Successfully synced ssl.gl-es-04.good-loop.com.params.conf to gl-es-05.good-loop.com
	Successfully synced ssl.gl-es-05.good-loop.com.conf to gl-es-05.good-loop.com
	Successfully synced ssl.gl-es-05.good-loop.com.params.conf to gl-es-05.good-loop.com
	Successfully synced webpack.config.js to gl-es-05.good-loop.com
	Successfully synced web to gl-es-05.good-loop.com
	Successfully synced winterwell.datalog.jar to gl-es-05.good-loop.com

#bob.0.0.PublishDataServer ...exiting PublishDataServer DONE
#bob close... active-tasks: 0 []
#TaskRunner.? shutdown
#bob ...closed
#bob ----- BUILD COMPLETE: [class com.winterwell.datalog.PublishDataServer] -----
